<?xml version="1.0" encoding="UTF-8"?>
<testsuite xmlns:xsi="http://www.w3.org/2001/XMLSchema-instance" xsi:noNamespaceSchemaLocation="https://maven.apache.org/surefire/maven-surefire-plugin/xsd/surefire-test-report-3.0.xsd" version="3.0" name="tests.TestsEvaluateurNiveau" time="0.306" tests="12" errors="0" skipped="0" failures="0">
  <properties>
[...]
</properties>
  <testcase name="testExceptionCoursNonEntier" classname="tests.TestsEvaluateurNiveau" time="0.055"/>
  <testcase name="testLimites(String, String, String)[1]" classname="tests.TestsEvaluateurNiveau" time="0.043"/>
  <testcase name="testLimites(String, String, String)[2]" classname="tests.TestsEvaluateurNiveau" time="0.004"/>
  <testcase name="testLimites(String, String, String)[3]" classname="tests.TestsEvaluateurNiveau" time="0.004"/>
  <testcase name="testLimites(String, String, String)[4]" classname="tests.TestsEvaluateurNiveau" time="0.002"/>
  <testcase name="testLimites(String, String, String)[5]" classname="tests.TestsEvaluateurNiveau" time="0.002"/>
  <testcase name="testLimites(String, String, String)[6]" classname="tests.TestsEvaluateurNiveau" time="0.002"/>
  <testcase name="testLimites(String, String, String)[7]" classname="tests.TestsEvaluateurNiveau" time="0.002"/>
  <testcase name="testLimites(String, String, String)[8]" classname="tests.TestsEvaluateurNiveau" time="0.002"/>
  <testcase name="testExceptionExamenHorsBornes" classname="tests.TestsEvaluateurNiveau" time="0.001"/>
  <testcase name="testExceptionExmamenNonEntier" classname="tests.TestsEvaluateurNiveau" time="0.001"/>
  <testcase name="testExceptionCoursHorsBornes" classname="tests.TestsEvaluateurNiveau" time="0.001"/>
</testsuite>